{"C:\\Users\\DylanNicolini\\source\\sp2024-ser330-rest-demo\\src\\controllers\\user-controller.js": {"path":"C:\\Users\\DylanNicolini\\source\\sp2024-ser330-rest-demo\\src\\controllers\\user-controller.js","statementMap":{"0":{"start":{"line":2,"column":12},"end":{"line":5,"column":1}},"1":{"start":{"line":7,"column":0},"end":{"line":11,"column":1}},"2":{"start":{"line":8,"column":4},"end":{"line":8,"column":45}},"3":{"start":{"line":10,"column":4},"end":{"line":10,"column":31}},"4":{"start":{"line":13,"column":0},"end":{"line":24,"column":1}},"5":{"start":{"line":14,"column":8},"end":{"line":14,"column":46}},"6":{"start":{"line":16,"column":17},"end":{"line":20,"column":5}},"7":{"start":{"line":22,"column":4},"end":{"line":22,"column":21}},"8":{"start":{"line":23,"column":4},"end":{"line":23,"column":31}},"9":{"start":{"line":25,"column":0},"end":{"line":28,"column":2}}},"fnMap":{"0":{"name":"(anonymous_0)","decl":{"start":{"line":7,"column":11},"end":{"line":7,"column":12}},"loc":{"start":{"line":7,"column":31},"end":{"line":11,"column":1}},"line":7},"1":{"name":"(anonymous_1)","decl":{"start":{"line":13,"column":13},"end":{"line":13,"column":14}},"loc":{"start":{"line":13,"column":32},"end":{"line":24,"column":1}},"line":13}},"branchMap":{},"s":{"0":1,"1":1,"2":1,"3":1,"4":1,"5":1,"6":1,"7":1,"8":1,"9":1},"f":{"0":1,"1":1},"b":{},"_coverageSchema":"1a1c01bbd47fc00a2c39e90264f33305004495a9","hash":"5921d195e8f00aaf990f118233366bf7e360216b"}
,"C:\\Users\\DylanNicolini\\source\\sp2024-ser330-rest-demo\\src\\routes\\routes.js": {"path":"C:\\Users\\DylanNicolini\\source\\sp2024-ser330-rest-demo\\src\\routes\\routes.js","statementMap":{"0":{"start":{"line":1,"column":0},"end":{"line":3,"column":4}},"1":{"start":{"line":2,"column":4},"end":{"line":2,"column":51}}},"fnMap":{"0":{"name":"(anonymous_0)","decl":{"start":{"line":1,"column":17},"end":{"line":1,"column":18}},"loc":{"start":{"line":1,"column":32},"end":{"line":3,"column":3}},"line":1}},"branchMap":{},"s":{"0":1,"1":1},"f":{"0":1},"b":{},"_coverageSchema":"1a1c01bbd47fc00a2c39e90264f33305004495a9","hash":"8c1491206c04bfd0ad6eb668103e00bbfb166dd1"}
,"C:\\Users\\DylanNicolini\\source\\sp2024-ser330-rest-demo\\src\\routes\\user-routes.js": {"path":"C:\\Users\\DylanNicolini\\source\\sp2024-ser330-rest-demo\\src\\routes\\user-routes.js","statementMap":{"0":{"start":{"line":1,"column":16},"end":{"line":1,"column":34}},"1":{"start":{"line":2,"column":15},"end":{"line":2,"column":31}},"2":{"start":{"line":3,"column":19},"end":{"line":3,"column":63}},"3":{"start":{"line":5,"column":2},"end":{"line":7,"column":5}},"4":{"start":{"line":6,"column":4},"end":{"line":6,"column":35}},"5":{"start":{"line":10,"column":2},"end":{"line":12,"column":3}},"6":{"start":{"line":11,"column":4},"end":{"line":11,"column":33}},"7":{"start":{"line":14,"column":0},"end":{"line":14,"column":24}}},"fnMap":{"0":{"name":"(anonymous_0)","decl":{"start":{"line":5,"column":18},"end":{"line":5,"column":19}},"loc":{"start":{"line":5,"column":38},"end":{"line":7,"column":3}},"line":5},"1":{"name":"(anonymous_1)","decl":{"start":{"line":10,"column":17},"end":{"line":10,"column":18}},"loc":{"start":{"line":10,"column":31},"end":{"line":12,"column":1}},"line":10}},"branchMap":{},"s":{"0":1,"1":1,"2":1,"3":1,"4":1,"5":1,"6":1,"7":1},"f":{"0":1,"1":1},"b":{},"_coverageSchema":"1a1c01bbd47fc00a2c39e90264f33305004495a9","hash":"23cc7ede6fdb9e40e73600db65a0e9906924e079"}
}
